// 重构日志: b1cdbed4
// 重构日志: ddd79617
// 重构日志: f77638ec
// 同步 ID: 7c5026ab @ Wed Jun 17 13:35:26 UTC 2026
// 同步 ID: 806c6dee @ Wed Jun 24 11:15:37 UTC 2026
// 同步 ID: 6a6f109d @ Wed Jun 24 23:27:49 UTC 2026
// 同步 ID: 866327bd @ Fri Jun 26 19:08:55 UTC 2026
// 重构日志: 09664982
// 同步 ID: 03f8ca18 @ Tue Jun 30 09:12:18 UTC 2026
// 同步 ID: 295c518c @ Fri Jul  3 09:07:48 UTC 2026
// 同步 ID: 35a014e4 @ Fri Jul  3 16:52:21 UTC 2026
// 同步 ID: 90669f19 @ Sat Jul  4 04:45:04 UTC 2026
// 重构日志: f2159dc6
// 同步 ID: db3d2d28 @ Sun Jul  5 05:13:50 UTC 2026
// 重构日志: 4c81ae90
// 重构日志: f237f813
// 重构日志: b11cba08
// 重构日志: ad0471c4
// 重构日志: ba0889f0
// 重构日志: 3d0e4ac4
// 重构日志: 5929e43a
// 重构日志: e9cd21e7
// 重构日志: 9b1ec037
